# JRE version: OpenJDK Runtime Environment (8.0_152-b02) (build 1.8.0_152-release-1024-b02)
# Java VM: OpenJDK 64-Bit Server VM (25.152-b02 mixed mode windows-amd64 compressed oops)
Heap:
 PSYoungGen      total 358912K, used 39087K [0x00000000e0000000, 0x00000000fb980000, 0x0000000100000000)
  eden space 324096K, 5% used [0x00000000e0000000,0x00000000e12315f0,0x00000000f3c80000)
  from space 34816K, 59% used [0x00000000f9780000,0x00000000fabaf998,0x00000000fb980000)
  to   space 35328K, 0% used [0x00000000f3c80000,0x00000000f3c80000,0x00000000f5f00000)
 ParOldGen       total 138240K, used 80841K [0x00000000a0000000, 0x00000000a8700000, 0x00000000e0000000)
  object space 138240K, 58% used [0x00000000a0000000,0x00000000a4ef2720,0x00000000a8700000)
 Metaspace       used 84569K, capacity 88834K, committed 89088K, reserved 1126400K
  class space    used 10820K, capacity 11742K, committed 11776K, reserved 1048576K
GC Heap History (10 events):
Event: 2223.188 GC heap before
{Heap before GC invocations=23 (full 3):
 PSYoungGen      total 283136K, used 283128K [0x00000000e0000000, 0x00000000f5b80000, 0x0000000100000000)
  eden space 252416K, 100% used [0x00000000e0000000,0x00000000ef680000,0x00000000ef680000)
  from space 30720K, 99% used [0x00000000ef680000,0x00000000f147e0c0,0x00000000f1480000)
  to   space 39936K, 0% used [0x00000000f3480000,0x00000000f3480000,0x00000000f5b80000)
 ParOldGen       total 138240K, used 66089K [0x00000000a0000000, 0x00000000a8700000, 0x00000000e0000000)
  object space 138240K, 47% used [0x00000000a0000000,0x00000000a408a698,0x00000000a8700000)
 Metaspace       used 83825K, capacity 88016K, committed 88064K, reserved 1126400K
  class space    used 10813K, capacity 11739K, committed 11776K, reserved 1048576K
Event: 2223.221 GC heap after
Heap after GC invocations=23 (full 3):
 PSYoungGen      total 317440K, used 18863K [0x00000000e0000000, 0x00000000f6600000, 0x0000000100000000)
  eden space 277504K, 0% used [0x00000000e0000000,0x00000000e0000000,0x00000000f0f00000)
  from space 39936K, 47% used [0x00000000f3480000,0x00000000f46ebef0,0x00000000f5b80000)
  to   space 38400K, 0% used [0x00000000f0f00000,0x00000000f0f00000,0x00000000f3480000)
 ParOldGen       total 138240K, used 80817K [0x00000000a0000000, 0x00000000a8700000, 0x00000000e0000000)
  object space 138240K, 58% used [0x00000000a0000000,0x00000000a4eec720,0x00000000a8700000)
 Metaspace       used 83825K, capacity 88016K, committed 88064K, reserved 1126400K
  class space    used 10813K, capacity 11739K, committed 11776K, reserved 1048576K
}
Event: 2223.752 GC heap before
{Heap before GC invocations=24 (full 3):
 PSYoungGen      total 317440K, used 296367K [0x00000000e0000000, 0x00000000f6600000, 0x0000000100000000)
  eden space 277504K, 100% used [0x00000000e0000000,0x00000000f0f00000,0x00000000f0f00000)
  from space 39936K, 47% used [0x00000000f3480000,0x00000000f46ebef0,0x00000000f5b80000)
  to   space 38400K, 0% used [0x00000000f0f00000,0x00000000f0f00000,0x00000000f3480000)
 ParOldGen       total 138240K, used 80817K [0x00000000a0000000, 0x00000000a8700000, 0x00000000e0000000)
  object space 138240K, 58% used [0x00000000a0000000,0x00000000a4eec720,0x00000000a8700000)
 Metaspace       used 83995K, capacity 88228K, committed 88320K, reserved 1126400K
  class space    used 10817K, capacity 11739K, committed 11776K, reserved 1048576K
Event: 2223.771 GC heap after
Heap after GC invocations=24 (full 3):
 PSYoungGen      total 315904K, used 18348K [0x00000000e0000000, 0x00000000f8300000, 0x0000000100000000)
  eden space 277504K, 0% used [0x00000000e0000000,0x00000000e0000000,0x00000000f0f00000)
  from space 38400K, 47% used [0x00000000f0f00000,0x00000000f20eb148,0x00000000f3480000)
  to   space 36864K, 0% used [0x00000000f5f00000,0x00000000f5f00000,0x00000000f8300000)
 ParOldGen       total 138240K, used 80817K [0x00000000a0000000, 0x00000000a8700000, 0x00000000e0000000)
  object space 138240K, 58% used [0x00000000a0000000,0x00000000a4eec720,0x00000000a8700000)
 Metaspace       used 83995K, capacity 88228K, committed 88320K, reserved 1126400K
  class space    used 10817K, capacity 11739K, committed 11776K, reserved 1048576K
}
Event: 2224.654 GC heap before
{Heap before GC invocations=25 (full 3):
 PSYoungGen      total 315904K, used 295852K [0x00000000e0000000, 0x00000000f8300000, 0x0000000100000000)
  eden space 277504K, 100% used [0x00000000e0000000,0x00000000f0f00000,0x00000000f0f00000)
  from space 38400K, 47% used [0x00000000f0f00000,0x00000000f20eb148,0x00000000f3480000)
  to   space 36864K, 0% used [0x00000000f5f00000,0x00000000f5f00000,0x00000000f8300000)
 ParOldGen       total 138240K, used 80817K [0x00000000a0000000, 0x00000000a8700000, 0x00000000e0000000)
  object space 138240K, 58% used [0x00000000a0000000,0x00000000a4eec720,0x00000000a8700000)
 Metaspace       used 84094K, capacity 88308K, committed 88576K, reserved 1126400K
  class space    used 10818K, capacity 11739K, committed 11776K, reserved 1048576K
Event: 2224.697 GC heap after
Heap after GC invocations=25 (full 3):
 PSYoungGen      total 360960K, used 15513K [0x00000000e0000000, 0x00000000f8600000, 0x0000000100000000)
  eden space 324096K, 0% used [0x00000000e0000000,0x00000000e0000000,0x00000000f3c80000)
  from space 36864K, 42% used [0x00000000f5f00000,0x00000000f6e265a0,0x00000000f8300000)
  to   space 35328K, 0% used [0x00000000f3c80000,0x00000000f3c80000,0x00000000f5f00000)
 ParOldGen       total 138240K, used 80825K [0x00000000a0000000, 0x00000000a8700000, 0x00000000e0000000)
  object space 138240K, 58% used [0x00000000a0000000,0x00000000a4eee720,0x00000000a8700000)
 Metaspace       used 84094K, capacity 88308K, committed 88576K, reserved 1126400K
  class space    used 10818K, capacity 11739K, committed 11776K, reserved 1048576K
}
Event: 2225.582 GC heap before
{Heap before GC invocations=26 (full 3):
 PSYoungGen      total 360960K, used 339609K [0x00000000e0000000, 0x00000000f8600000, 0x0000000100000000)
  eden space 324096K, 100% used [0x00000000e0000000,0x00000000f3c80000,0x00000000f3c80000)
  from space 36864K, 42% used [0x00000000f5f00000,0x00000000f6e265a0,0x00000000f8300000)
  to   space 35328K, 0% used [0x00000000f3c80000,0x00000000f3c80000,0x00000000f5f00000)
 ParOldGen       total 138240K, used 80825K [0x00000000a0000000, 0x00000000a8700000, 0x00000000e0000000)
  object space 138240K, 58% used [0x00000000a0000000,0x00000000a4eee720,0x00000000a8700000)
 Metaspace       used 84380K, capacity 88668K, committed 88832K, reserved 1126400K
  class space    used 10818K, capacity 11739K, committed 11776K, reserved 1048576K
Event: 2225.606 GC heap after
Heap after GC invocations=26 (full 3):
 PSYoungGen      total 359424K, used 20005K [0x00000000e0000000, 0x00000000fb980000, 0x0000000100000000)
  eden space 324096K, 0% used [0x00000000e0000000,0x00000000e0000000,0x00000000f3c80000)
  from space 35328K, 56% used [0x00000000f3c80000,0x00000000f50097d8,0x00000000f5f00000)
  to   space 34816K, 0% used [0x00000000f9780000,0x00000000f9780000,0x00000000fb980000)
 ParOldGen       total 138240K, used 80833K [0x00000000a0000000, 0x00000000a8700000, 0x00000000e0000000)
  object space 138240K, 58% used [0x00000000a0000000,0x00000000a4ef0720,0x00000000a8700000)
 Metaspace       used 84380K, capacity 88668K, committed 88832K, reserved 1126400K
  class space    used 10818K, capacity 11739K, committed 11776K, reserved 1048576K
}
Event: 2226.108 GC heap before
{Heap before GC invocations=27 (full 3):
 PSYoungGen      total 359424K, used 344101K [0x00000000e0000000, 0x00000000fb980000, 0x0000000100000000)
  eden space 324096K, 100% used [0x00000000e0000000,0x00000000f3c80000,0x00000000f3c80000)
  from space 35328K, 56% used [0x00000000f3c80000,0x00000000f50097d8,0x00000000f5f00000)
  to   space 34816K, 0% used [0x00000000f9780000,0x00000000f9780000,0x00000000fb980000)
 ParOldGen       total 138240K, used 80833K [0x00000000a0000000, 0x00000000a8700000, 0x00000000e0000000)
  object space 138240K, 58% used [0x00000000a0000000,0x00000000a4ef0720,0x00000000a8700000)
 Metaspace       used 84564K, capacity 88834K, committed 89088K, reserved 1126400K
  class space    used 10820K, capacity 11742K, committed 11776K, reserved 1048576K
Event: 2226.139 GC heap after
Heap after GC invocations=27 (full 3):
 PSYoungGen      total 358912K, used 20670K [0x00000000e0000000, 0x00000000fb980000, 0x0000000100000000)
  eden space 324096K, 0% used [0x00000000e0000000,0x00000000e0000000,0x00000000f3c80000)
  from space 34816K, 59% used [0x00000000f9780000,0x00000000fabaf998,0x00000000fb980000)
  to   space 35328K, 0% used [0x00000000f3c80000,0x00000000f3c80000,0x00000000f5f00000)
 ParOldGen       total 138240K, used 80841K [0x00000000a0000000, 0x00000000a8700000, 0x00000000e0000000)
  object space 138240K, 58% used [0x00000000a0000000,0x00000000a4ef2720,0x00000000a8700000)
 Metaspace       used 84564K, capacity 88834K, committed 89088K, reserved 1126400K
  class space    used 10820K, capacity 11742K, committed 11776K, reserved 1048576K
}

