# JRE version: OpenJDK Runtime Environment (8.0_152-b02) (build 1.8.0_152-release-1024-b02)
# Java VM: OpenJDK 64-Bit Server VM (25.152-b02 mixed mode windows-amd64 compressed oops)
Heap:
 PSYoungGen      total 198656K, used 25726K [0x00000000e0000000, 0x00000000eed80000, 0x0000000100000000)
  eden space 167936K, 7% used [0x00000000e0000000,0x00000000e0bd9088,0x00000000ea400000)
  from space 30720K, 44% used [0x00000000ea400000,0x00000000eb146778,0x00000000ec200000)
  to   space 29184K, 0% used [0x00000000ed100000,0x00000000ed100000,0x00000000eed80000)
 ParOldGen       total 144384K, used 61573K [0x00000000a0000000, 0x00000000a8d00000, 0x00000000e0000000)
  object space 144384K, 42% used [0x00000000a0000000,0x00000000a3c21688,0x00000000a8d00000)
 Metaspace       used 74538K, capacity 77594K, committed 77784K, reserved 1116160K
  class space    used 9848K, capacity 10484K, committed 10496K, reserved 1048576K
GC Heap History (10 events):
Event: 14.264 GC heap before
{Heap before GC invocations=16 (full 3):
 PSYoungGen      total 133120K, used 16868K [0x00000000e0000000, 0x00000000ebd00000, 0x0000000100000000)
  eden space 116224K, 0% used [0x00000000e0000000,0x00000000e0000000,0x00000000e7180000)
  from space 16896K, 99% used [0x00000000e7180000,0x00000000e81f9190,0x00000000e8200000)
  to   space 22016K, 0% used [0x00000000ea780000,0x00000000ea780000,0x00000000ebd00000)
 ParOldGen       total 90624K, used 31563K [0x00000000a0000000, 0x00000000a5880000, 0x00000000e0000000)
  object space 90624K, 34% used [0x00000000a0000000,0x00000000a1ed2e10,0x00000000a5880000)
 Metaspace       used 57175K, capacity 58826K, committed 58968K, reserved 1099776K
  class space    used 7798K, capacity 8196K, committed 8320K, reserved 1048576K
Event: 14.484 GC heap after
Heap after GC invocations=16 (full 3):
 PSYoungGen      total 133120K, used 0K [0x00000000e0000000, 0x00000000ebd00000, 0x0000000100000000)
  eden space 116224K, 0% used [0x00000000e0000000,0x00000000e0000000,0x00000000e7180000)
  from space 16896K, 0% used [0x00000000e7180000,0x00000000e7180000,0x00000000e8200000)
  to   space 22016K, 0% used [0x00000000ea780000,0x00000000ea780000,0x00000000ebd00000)
 ParOldGen       total 144384K, used 38832K [0x00000000a0000000, 0x00000000a8d00000, 0x00000000e0000000)
  object space 144384K, 26% used [0x00000000a0000000,0x00000000a25ec240,0x00000000a8d00000)
 Metaspace       used 57175K, capacity 58826K, committed 58968K, reserved 1099776K
  class space    used 7798K, capacity 8196K, committed 8320K, reserved 1048576K
}
Event: 16.915 GC heap before
{Heap before GC invocations=17 (full 3):
 PSYoungGen      total 133120K, used 116224K [0x00000000e0000000, 0x00000000ebd00000, 0x0000000100000000)
  eden space 116224K, 100% used [0x00000000e0000000,0x00000000e7180000,0x00000000e7180000)
  from space 16896K, 0% used [0x00000000e7180000,0x00000000e7180000,0x00000000e8200000)
  to   space 22016K, 0% used [0x00000000ea780000,0x00000000ea780000,0x00000000ebd00000)
 ParOldGen       total 144384K, used 38832K [0x00000000a0000000, 0x00000000a8d00000, 0x00000000e0000000)
  object space 144384K, 26% used [0x00000000a0000000,0x00000000a25ec240,0x00000000a8d00000)
 Metaspace       used 65776K, capacity 68068K, committed 68184K, reserved 1107968K
  class space    used 9005K, capacity 9509K, committed 9600K, reserved 1048576K
Event: 16.946 GC heap after
Heap after GC invocations=17 (full 3):
 PSYoungGen      total 164352K, used 21991K [0x00000000e0000000, 0x00000000ec480000, 0x0000000100000000)
  eden space 142336K, 0% used [0x00000000e0000000,0x00000000e0000000,0x00000000e8b00000)
  from space 22016K, 99% used [0x00000000ea780000,0x00000000ebcf9c28,0x00000000ebd00000)
  to   space 29184K, 0% used [0x00000000e8b00000,0x00000000e8b00000,0x00000000ea780000)
 ParOldGen       total 144384K, used 50791K [0x00000000a0000000, 0x00000000a8d00000, 0x00000000e0000000)
  object space 144384K, 35% used [0x00000000a0000000,0x00000000a3199ec8,0x00000000a8d00000)
 Metaspace       used 65776K, capacity 68068K, committed 68184K, reserved 1107968K
  class space    used 9005K, capacity 9509K, committed 9600K, reserved 1048576K
}
Event: 18.609 GC heap before
{Heap before GC invocations=18 (full 3):
 PSYoungGen      total 164352K, used 164327K [0x00000000e0000000, 0x00000000ec480000, 0x0000000100000000)
  eden space 142336K, 100% used [0x00000000e0000000,0x00000000e8b00000,0x00000000e8b00000)
  from space 22016K, 99% used [0x00000000ea780000,0x00000000ebcf9c28,0x00000000ebd00000)
  to   space 29184K, 0% used [0x00000000e8b00000,0x00000000e8b00000,0x00000000ea780000)
 ParOldGen       total 144384K, used 50791K [0x00000000a0000000, 0x00000000a8d00000, 0x00000000e0000000)
  object space 144384K, 35% used [0x00000000a0000000,0x00000000a3199ec8,0x00000000a8d00000)
 Metaspace       used 68030K, capacity 70444K, committed 70744K, reserved 1110016K
  class space    used 9206K, capacity 9733K, committed 9856K, reserved 1048576K
Event: 18.627 GC heap after
Heap after GC invocations=18 (full 3):
 PSYoungGen      total 171520K, used 3511K [0x00000000e0000000, 0x00000000ee200000, 0x0000000100000000)
  eden space 142336K, 0% used [0x00000000e0000000,0x00000000e0000000,0x00000000e8b00000)
  from space 29184K, 12% used [0x00000000e8b00000,0x00000000e8e6dfe0,0x00000000ea780000)
  to   space 29184K, 0% used [0x00000000ec580000,0x00000000ec580000,0x00000000ee200000)
 ParOldGen       total 144384K, used 61557K [0x00000000a0000000, 0x00000000a8d00000, 0x00000000e0000000)
  object space 144384K, 42% used [0x00000000a0000000,0x00000000a3c1d688,0x00000000a8d00000)
 Metaspace       used 68030K, capacity 70444K, committed 70744K, reserved 1110016K
  class space    used 9206K, capacity 9733K, committed 9856K, reserved 1048576K
}
Event: 59.696 GC heap before
{Heap before GC invocations=19 (full 3):
 PSYoungGen      total 171520K, used 145847K [0x00000000e0000000, 0x00000000ee200000, 0x0000000100000000)
  eden space 142336K, 100% used [0x00000000e0000000,0x00000000e8b00000,0x00000000e8b00000)
  from space 29184K, 12% used [0x00000000e8b00000,0x00000000e8e6dfe0,0x00000000ea780000)
  to   space 29184K, 0% used [0x00000000ec580000,0x00000000ec580000,0x00000000ee200000)
 ParOldGen       total 144384K, used 61557K [0x00000000a0000000, 0x00000000a8d00000, 0x00000000e0000000)
  object space 144384K, 42% used [0x00000000a0000000,0x00000000a3c1d688,0x00000000a8d00000)
 Metaspace       used 73336K, capacity 76112K, committed 76504K, reserved 1116160K
  class space    used 9762K, capacity 10377K, committed 10496K, reserved 1048576K
Event: 59.727 GC heap after
Heap after GC invocations=19 (full 3):
 PSYoungGen      total 195072K, used 19761K [0x00000000e0000000, 0x00000000ee000000, 0x0000000100000000)
  eden space 167936K, 0% used [0x00000000e0000000,0x00000000e0000000,0x00000000ea400000)
  from space 27136K, 72% used [0x00000000ec580000,0x00000000ed8cc4d8,0x00000000ee000000)
  to   space 30720K, 0% used [0x00000000ea400000,0x00000000ea400000,0x00000000ec200000)
 ParOldGen       total 144384K, used 61565K [0x00000000a0000000, 0x00000000a8d00000, 0x00000000e0000000)
  object space 144384K, 42% used [0x00000000a0000000,0x00000000a3c1f688,0x00000000a8d00000)
 Metaspace       used 73336K, capacity 76112K, committed 76504K, reserved 1116160K
  class space    used 9762K, capacity 10377K, committed 10496K, reserved 1048576K
}
Event: 82.122 GC heap before
{Heap before GC invocations=20 (full 3):
 PSYoungGen      total 195072K, used 187697K [0x00000000e0000000, 0x00000000ee000000, 0x0000000100000000)
  eden space 167936K, 100% used [0x00000000e0000000,0x00000000ea400000,0x00000000ea400000)
  from space 27136K, 72% used [0x00000000ec580000,0x00000000ed8cc4d8,0x00000000ee000000)
  to   space 30720K, 0% used [0x00000000ea400000,0x00000000ea400000,0x00000000ec200000)
 ParOldGen       total 144384K, used 61565K [0x00000000a0000000, 0x00000000a8d00000, 0x00000000e0000000)
  object space 144384K, 42% used [0x00000000a0000000,0x00000000a3c1f688,0x00000000a8d00000)
 Metaspace       used 74520K, capacity 77530K, committed 77784K, reserved 1116160K
  class space    used 9848K, capacity 10484K, committed 10496K, reserved 1048576K
Event: 82.133 GC heap after
Heap after GC invocations=20 (full 3):
 PSYoungGen      total 198656K, used 13593K [0x00000000e0000000, 0x00000000eed80000, 0x0000000100000000)
  eden space 167936K, 0% used [0x00000000e0000000,0x00000000e0000000,0x00000000ea400000)
  from space 30720K, 44% used [0x00000000ea400000,0x00000000eb146778,0x00000000ec200000)
  to   space 29184K, 0% used [0x00000000ed100000,0x00000000ed100000,0x00000000eed80000)
 ParOldGen       total 144384K, used 61573K [0x00000000a0000000, 0x00000000a8d00000, 0x00000000e0000000)
  object space 144384K, 42% used [0x00000000a0000000,0x00000000a3c21688,0x00000000a8d00000)
 Metaspace       used 74520K, capacity 77530K, committed 77784K, reserved 1116160K
  class space    used 9848K, capacity 10484K, committed 10496K, reserved 1048576K
}

